<?xml version="1.0" encoding="UTF-8"?>
<!-- Generated by org.testng.reporters.JUnitReportReporter -->
<testsuite hostname="DESKTOP-NSTF48G" failures="0" tests="5" name="com.nopcommerce.user.livecoding.LiveCoding_nopcommerce_Wishlist_Compare_RecentView" time="7.311" errors="0" timestamp="17 Oct 2023 04:07:20 GMT" skipped="0">
  <testcase classname="com.nopcommerce.user.livecoding.LiveCoding_nopcommerce_Wishlist_Compare_RecentView" name="Wishlist_03_Remove_Product_In_Wishlist" time="0.002"/>
  <testcase classname="com.nopcommerce.user.livecoding.LiveCoding_nopcommerce_Wishlist_Compare_RecentView" name="Wishlist_01_Add_To_Wishlist" time="7.303"/>
  <testcase classname="com.nopcommerce.user.livecoding.LiveCoding_nopcommerce_Wishlist_Compare_RecentView" name="Wishlist_02_Add_Product_To_Card_From_Wishlist" time="0.002"/>
  <testcase classname="com.nopcommerce.user.livecoding.LiveCoding_nopcommerce_Wishlist_Compare_RecentView" name="Wishlist_04_Add_Product_To_Compare" time="0.002"/>
  <testcase classname="com.nopcommerce.user.livecoding.LiveCoding_nopcommerce_Wishlist_Compare_RecentView" name="Wishlist_05_" time="0.002"/>
</testsuite> <!-- com.nopcommerce.user.livecoding.LiveCoding_nopcommerce_Wishlist_Compare_RecentView -->
