<?xml version="1.0" encoding="UTF-8"?>
<!-- Generated by org.testng.reporters.JUnitReportReporter -->
<testsuite hostname="DESKTOP-NSTF48G" failures="0" tests="8" name="com.nopcommerce.user.livecoding.LiveCoding_nopcommerce_Search_TestCase" time="5.963" errors="0" timestamp="15 Oct 2023 04:10:28 GMT" skipped="0">
  <testcase classname="com.nopcommerce.user.livecoding.LiveCoding_nopcommerce_Search_TestCase" name="Searh_06_Advanced_Search_With_SubCategories" time="0.761"/>
  <testcase classname="com.nopcommerce.user.livecoding.LiveCoding_nopcommerce_Search_TestCase" name="Searh_01_Search_With_Empty_Data" time="1.127"/>
  <testcase classname="com.nopcommerce.user.livecoding.LiveCoding_nopcommerce_Search_TestCase" name="Searh_05_Advanced_Search_With_Paren_Categories" time="1.012"/>
  <testcase classname="com.nopcommerce.user.livecoding.LiveCoding_nopcommerce_Search_TestCase" name="Searh_03_Search_With_Product_Name_Relative" time="0.501"/>
  <testcase classname="com.nopcommerce.user.livecoding.LiveCoding_nopcommerce_Search_TestCase" name="Searh_04_Search_With_Product_Name_Adsolute" time="0.439"/>
  <testcase classname="com.nopcommerce.user.livecoding.LiveCoding_nopcommerce_Search_TestCase" name="Searh_08_Advanced_Search_With_Correct_Manufacturer" time="0.831"/>
  <testcase classname="com.nopcommerce.user.livecoding.LiveCoding_nopcommerce_Search_TestCase" name="Searh_07_Advanced_Search_With_Incorrect_Manufacturer" time="0.866"/>
  <testcase classname="com.nopcommerce.user.livecoding.LiveCoding_nopcommerce_Search_TestCase" name="Searh_02_Search_With_Data_NOT_Exist" time="0.426"/>
</testsuite> <!-- com.nopcommerce.user.livecoding.LiveCoding_nopcommerce_Search_TestCase -->
