<?xml version="1.0" encoding="UTF-8"?>
<!-- Generated by org.testng.reporters.JUnitReportReporter -->
<testsuite hostname="DESKTOP-NSTF48G" failures="0" tests="7" name="com.nopcommerce.user.livecoding.LiveCoding_nopcommerce_Sort_Display_Paging_TestCase" time="46.687" errors="0" timestamp="15 Oct 2023 04:13:43 GMT" skipped="0">
  <testcase classname="com.nopcommerce.user.livecoding.LiveCoding_nopcommerce_Sort_Display_Paging_TestCase" name="Sort_01_Sort_With_Name_AtoZ_Asc" time="3.593"/>
  <testcase classname="com.nopcommerce.user.livecoding.LiveCoding_nopcommerce_Sort_Display_Paging_TestCase" name="Sort_03_Sort_With_Price_LowToHigh" time="3.313"/>
  <testcase classname="com.nopcommerce.user.livecoding.LiveCoding_nopcommerce_Sort_Display_Paging_TestCase" name="Sort_04_Sort_With_Price_HighToLow" time="3.279"/>
  <testcase classname="com.nopcommerce.user.livecoding.LiveCoding_nopcommerce_Sort_Display_Paging_TestCase" name="Sort_02_Sort_With_Name_ZtoA_Desc" time="3.285"/>
  <testcase classname="com.nopcommerce.user.livecoding.LiveCoding_nopcommerce_Sort_Display_Paging_TestCase" name="Sort_05_Displayed_3_Products_per_page" time="16.654"/>
  <testcase classname="com.nopcommerce.user.livecoding.LiveCoding_nopcommerce_Sort_Display_Paging_TestCase" name="Sort_07_9_Products_per_page" time="8.280"/>
  <testcase classname="com.nopcommerce.user.livecoding.LiveCoding_nopcommerce_Sort_Display_Paging_TestCase" name="Sort_06_6_Products_per_page" time="8.283"/>
</testsuite> <!-- com.nopcommerce.user.livecoding.LiveCoding_nopcommerce_Sort_Display_Paging_TestCase -->
