<?xml version="1.0" encoding="UTF-8"?>
<!-- Generated by org.testng.reporters.JUnitReportReporter -->
<testsuite hostname="DESKTOP-NSTF48G" failures="0" tests="6" name="com.nopcommerce.user.livecoding.LiveCoding_nopcommerce_Login_TestCase" time="3.256" errors="0" timestamp="15 Oct 2023 04:04:43 GMT" skipped="0">
  <testcase classname="com.nopcommerce.user.livecoding.LiveCoding_nopcommerce_Login_TestCase" name="Login_03_Login_With_Email_Not_Register" time="0.460"/>
  <testcase classname="com.nopcommerce.user.livecoding.LiveCoding_nopcommerce_Login_TestCase" name="Login_01_Login_With_EmptyData" time="0.592"/>
  <testcase classname="com.nopcommerce.user.livecoding.LiveCoding_nopcommerce_Login_TestCase" name="Login_06_Login_With_Email_Register_Password_Valid" time="1.011"/>
  <testcase classname="com.nopcommerce.user.livecoding.LiveCoding_nopcommerce_Login_TestCase" name="Login_02_Login_With_InvalidEmail" time="0.341"/>
  <testcase classname="com.nopcommerce.user.livecoding.LiveCoding_nopcommerce_Login_TestCase" name="Login_05_Login_With_Email_Register_Password_Invalid" time="0.436"/>
  <testcase classname="com.nopcommerce.user.livecoding.LiveCoding_nopcommerce_Login_TestCase" name="Login_04_Login_With_Email_Register_Password_Empty" time="0.416"/>
</testsuite> <!-- com.nopcommerce.user.livecoding.LiveCoding_nopcommerce_Login_TestCase -->
