<?xml version="1.0" encoding="UTF-8"?>
<!-- Generated by org.testng.reporters.JUnitReportReporter -->
<testsuite hostname="DESKTOP-NSTF48G" failures="0" tests="6" name="com.nopcommerce.user.livecoding.LiveCoding_nopcommerce_Register_TestCase" time="4.617" errors="0" timestamp="15 Oct 2023 04:05:25 GMT" skipped="0">
  <testcase classname="com.nopcommerce.user.livecoding.LiveCoding_nopcommerce_Register_TestCase" name="Register_04_With_Email_Aldready_Exists" time="0.516"/>
  <testcase classname="com.nopcommerce.user.livecoding.LiveCoding_nopcommerce_Register_TestCase" name="Register_01_With_EmptyData" time="0.666"/>
  <testcase classname="com.nopcommerce.user.livecoding.LiveCoding_nopcommerce_Register_TestCase" name="Register_06_With_ConfirmPassword_NotCorrect" time="0.825"/>
  <testcase classname="com.nopcommerce.user.livecoding.LiveCoding_nopcommerce_Register_TestCase" name="Register_03_With_Valid_Infor" time="1.505"/>
  <testcase classname="com.nopcommerce.user.livecoding.LiveCoding_nopcommerce_Register_TestCase" name="Register_05_With_Password_LessThan_6Chars" time="0.775"/>
  <testcase classname="com.nopcommerce.user.livecoding.LiveCoding_nopcommerce_Register_TestCase" name="Register_02_With_InvalidEmail" time="0.330"/>
</testsuite> <!-- com.nopcommerce.user.livecoding.LiveCoding_nopcommerce_Register_TestCase -->
